2022-12-25 18:19:03.343  INFO 1456 --- [main] lavalink.server.Launcher                 : Starting Launcher using Java 18 on NauqhXPS with PID 1456 (D:\Laboratory\Projects\Ashema\Lavalink.jar started by Nauqh in D:\Laboratory\Projects\Ashema)
2022-12-25 18:19:03.348  INFO 1456 --- [main] lavalink.server.Launcher                 : No active profile set, falling back to 1 default profile: "default"
2022-12-25 18:19:04.814  INFO 1456 --- [main] lavalink.server.Launcher                 : Started Launcher in 2.351 seconds (JVM running for 3.048)
2022-12-25 18:19:04.821  INFO 1456 --- [main] lavalink.server.Launcher                 : You can safely ignore the big red warning about illegal reflection. See https://github.com/freyacodes/Lavalink/issues/295
2022-12-25 18:19:04.910  INFO 1456 --- [main] lavalink.server.Launcher                 : 

[32m       .  [31m _                  _ _       _    [32m__ _ _
[32m      /\\ [31m| | __ ___   ____ _| (_)_ __ | | __[32m\ \ \ \
[32m     ( ( )[31m| |/ _` \ \ / / _` | | | '_ \| |/ /[32m \ \ \ \
[32m      \\/ [31m| | (_| |\ V / (_| | | | | | |   < [32m  ) ) ) )
[32m       '  [31m|_|\__,_| \_/ \__,_|_|_|_| |_|_|\_\[32m / / / /
[0m    =========================================[32m/_/_/_/[0m

	Version:        3.6.2
	Build time:     08.11.2022 09:02:53 UTC
	Branch          HEAD
	Commit:         4782f1f
	Commit time:    08.11.2022 09:01:14 UTC
	JVM:            18
	Lavaplayer      1.3.99.1-original

2022-12-25 18:19:04.928  INFO 1456 --- [main] lavalink.server.Launcher                 : No active profile set, falling back to 1 default profile: "default"
2022-12-25 18:19:05.701  WARN 1456 --- [main] io.undertow.websockets.jsr               : UT026010: Buffer pool was not set on WebSocketDeploymentInfo, the default pool will be used
2022-12-25 18:19:05.718  INFO 1456 --- [main] io.undertow.servlet                      : Initializing Spring embedded WebApplicationContext
2022-12-25 18:19:05.719  INFO 1456 --- [main] w.s.c.ServletWebServerApplicationContext : Root WebApplicationContext: initialization completed in 782 ms
2022-12-25 18:19:06.040  INFO 1456 --- [main] c.s.d.l.tools.GarbageCollectionMonitor   : GC monitoring enabled, reporting results every 2 minutes.
2022-12-25 18:19:06.352  INFO 1456 --- [main] lavalink.server.config.KoeConfiguration  : OS: WINDOWS, Arch: X86_64
2022-12-25 18:19:06.353  INFO 1456 --- [main] lavalink.server.config.KoeConfiguration  : Enabling JDA-NAS
2022-12-25 18:19:06.360  INFO 1456 --- [main] c.s.l.c.natives.NativeLibraryLoader      : Native library udpqueue: loading with filter null
2022-12-25 18:19:06.618  INFO 1456 --- [main] c.s.l.c.natives.NativeLibraryLoader      : Native library udpqueue: successfully loaded.
2022-12-25 18:19:06.668  WARN 1456 --- [main] l.server.config.SentryConfiguration      : Turning off sentry
2022-12-25 18:19:07.090  INFO 1456 --- [main] io.undertow                              : starting server: Undertow - 2.2.16.Final
2022-12-25 18:19:07.115  INFO 1456 --- [main] org.xnio                                 : XNIO version 3.8.6.Final
2022-12-25 18:19:07.142  INFO 1456 --- [main] org.xnio.nio                             : XNIO NIO Implementation Version 3.8.6.Final
2022-12-25 18:19:07.265  INFO 1456 --- [main] org.jboss.threads                        : JBoss Threads version 3.1.0.Final
2022-12-25 18:19:07.357  INFO 1456 --- [main] o.s.b.w.e.undertow.UndertowWebServer     : Undertow started on port(s) 2333 (http)
2022-12-25 18:19:07.365  INFO 1456 --- [main] lavalink.server.Launcher                 : Started Launcher in 2.525 seconds (JVM running for 5.599)
2022-12-25 18:19:07.372  INFO 1456 --- [main] lavalink.server.Launcher                 : Lavalink is ready to accept connections.
2022-12-25 18:19:20.686  INFO 1456 --- [XNIO-1 task-1] io.undertow.servlet                      : Initializing Spring DispatcherServlet 'dispatcherServlet'
2022-12-25 18:19:20.687  INFO 1456 --- [XNIO-1 task-1] o.s.web.servlet.DispatcherServlet        : Initializing Servlet 'dispatcherServlet'
2022-12-25 18:19:20.690  INFO 1456 --- [XNIO-1 task-1] o.s.web.servlet.DispatcherServlet        : Completed initialization in 2 ms
2022-12-25 18:19:20.716  INFO 1456 --- [XNIO-1 task-1] l.server.io.HandshakeInterceptorImpl     : Incoming connection from /[0:0:0:0:0:0:0:1]:65052
2022-12-25 18:19:20.785  INFO 1456 --- [XNIO-1 task-1] lavalink.server.io.SocketServer          : Connection successfully established from lavalink-rs/0.9.0-rc.3
2022-12-25 18:19:46.634  INFO 1456 --- [XNIO-1 I/O-5] lavalink.server.io.SocketServer          : {"guildId":"872141661038313503","op":"pause","pause":true}
2022-12-25 18:19:46.643  INFO 1456 --- [XNIO-1 I/O-5] lavalink.server.io.SocketServer          : {"event":{"endpoint":"hongkong8661.discord.media:443","guildId":"872141661038313503","token":"d61e9d7b8f1dd111"},"guildId":"872141661038313503","op":"voiceUpdate","sessionId":"e3b6c6088bc9852856bfc5a72aa7ac03"}
2022-12-25 18:19:46.676  INFO 1456 --- [XNIO-1 task-1] l.server.player.AudioLoaderRestHandler   : Got request to load for identifier "ytsearch:vuot qua everest"
2022-12-25 18:19:46.871  INFO 1456 --- [XNIO-1 I/O-5] lavalink.server.io.SocketServer          : {"event":{"endpoint":"hongkong8661.discord.media:443","guildId":"872141661038313503","token":"d61e9d7b8f1dd111"},"guildId":"872141661038313503","op":"voiceUpdate","sessionId":"e3b6c6088bc9852856bfc5a72aa7ac03"}
2022-12-25 18:19:47.754  INFO 1456 --- [XNIO-1 I/O-5] lavalink.server.io.SocketServer          : {"guildId":"872141661038313503","op":"pause","pause":false}
2022-12-25 18:19:47.760  INFO 1456 --- [lava-daemon-pool-info-loader-2-thread-1] lavalink.server.player.AudioLoader       : Loaded playlist Search results for: vuot qua everest
2022-12-25 18:19:47.789  INFO 1456 --- [XNIO-1 I/O-5] lavalink.server.io.SocketServer          : {"guildId":"872141661038313503","noReplace":false,"op":"play","startTime":0,"track":"QAAAqQIAQVbGr+G7olQgUVVBIEVWRVJFU1QgSSBJU0FBQyB4IFBIxq/GoE5HIE5ISSBJIE9mZmljaWFsIE11c2ljIFZpZGVvAA5Jc2FhYyBPZmZpY2lhbAAAAAAAA/9wAAtiM1k5dGFEcFF6OAABACtodHRwczovL3d3dy55b3V0dWJlLmNvbS93YXRjaD92PWIzWTl0YURwUXo4AAd5b3V0dWJlAAAAAAAAAAA="}
2022-12-25 18:19:47.800  WARN 1456 --- [lava-daemon-pool-playback-1-thread-1] c.s.d.l.s.y.YoutubeAccessTokenTracker    : YouTube auth tokens can't be retrieved because email and password is not set in YoutubeAudioSourceManager, age restricted videos will throw exceptions.
2022-12-25 18:19:49.008  INFO 1456 --- [lava-daemon-pool-playback-1-thread-1] c.s.d.l.s.y.YoutubeAccessTokenTracker    : Updating YouTube visitor id (current is null).
2022-12-25 18:19:49.207  INFO 1456 --- [lava-daemon-pool-playback-1-thread-1] c.s.d.l.s.y.YoutubeAccessTokenTracker    : Updating YouTube visitor id succeeded, new one is Cgt3V1ROZzB4ZUpEdyiS4qCdBg%3D%3D, next update will be after 600 seconds.
2022-12-25 18:20:18.675  INFO 1456 --- [XNIO-1 I/O-5] lavalink.server.io.SocketServer          : {"guildId":"872141661038313503","op":"destroy"}
2022-12-25 18:20:29.849  INFO 1456 --- [XNIO-1 I/O-5] lavalink.server.io.SocketServer          : {"guildId":"872141661038313503","op":"pause","pause":true}
2022-12-25 18:20:29.894  INFO 1456 --- [XNIO-1 I/O-5] lavalink.server.io.SocketServer          : {"event":{"endpoint":"hongkong8661.discord.media:443","guildId":"872141661038313503","token":"c8515a8990339490"},"guildId":"872141661038313503","op":"voiceUpdate","sessionId":"e3b6c6088bc9852856bfc5a72aa7ac03"}
2022-12-25 18:20:29.955  INFO 1456 --- [XNIO-1 I/O-5] lavalink.server.io.SocketServer          : {"event":{"endpoint":"hongkong8661.discord.media:443","guildId":"872141661038313503","token":"c8515a8990339490"},"guildId":"872141661038313503","op":"voiceUpdate","sessionId":"e3b6c6088bc9852856bfc5a72aa7ac03"}
2022-12-25 18:20:30.965  INFO 1456 --- [XNIO-1 I/O-5] lavalink.server.io.SocketServer          : {"guildId":"872141661038313503","op":"pause","pause":false}
2022-12-25 18:20:43.663  INFO 1456 --- [XNIO-1 task-1] l.server.player.AudioLoaderRestHandler   : Got request to load for identifier "ytsearch:vuot qua everest"
2022-12-25 18:20:44.062  INFO 1456 --- [lava-daemon-pool-info-loader-2-thread-1] lavalink.server.player.AudioLoader       : Loaded playlist Search results for: vuot qua everest
2022-12-25 18:20:44.072  INFO 1456 --- [XNIO-1 I/O-5] lavalink.server.io.SocketServer          : {"guildId":"872141661038313503","noReplace":false,"op":"play","startTime":0,"track":"QAAAqQIAQVbGr+G7olQgUVVBIEVWRVJFU1QgSSBJU0FBQyB4IFBIxq/GoE5HIE5ISSBJIE9mZmljaWFsIE11c2ljIFZpZGVvAA5Jc2FhYyBPZmZpY2lhbAAAAAAAA/9wAAtiM1k5dGFEcFF6OAABACtodHRwczovL3d3dy55b3V0dWJlLmNvbS93YXRjaD92PWIzWTl0YURwUXo4AAd5b3V0dWJlAAAAAAAAAAA="}
2022-12-25 18:20:52.539  INFO 1456 --- [XNIO-1 I/O-5] lavalink.server.io.SocketServer          : {"guildId":"872141661038313503","op":"destroy"}
2022-12-25 18:21:01.048  INFO 1456 --- [XNIO-1 I/O-5] lavalink.server.io.SocketServer          : {"guildId":"872141661038313503","op":"pause","pause":true}
2022-12-25 18:21:01.076  INFO 1456 --- [XNIO-1 I/O-5] lavalink.server.io.SocketServer          : {"event":{"endpoint":"hongkong5464.discord.media:443","guildId":"872141661038313503","token":"a6c5b4b58da9b6c6"},"guildId":"872141661038313503","op":"voiceUpdate","sessionId":"e3b6c6088bc9852856bfc5a72aa7ac03"}
2022-12-25 18:21:01.080  INFO 1456 --- [XNIO-1 task-1] l.server.player.AudioLoaderRestHandler   : Got request to load for identifier "ytsearch:ngu 1 minh"
2022-12-25 18:21:01.154  INFO 1456 --- [XNIO-1 I/O-5] lavalink.server.io.SocketServer          : {"event":{"endpoint":"hongkong5464.discord.media:443","guildId":"872141661038313503","token":"a6c5b4b58da9b6c6"},"guildId":"872141661038313503","op":"voiceUpdate","sessionId":"e3b6c6088bc9852856bfc5a72aa7ac03"}
2022-12-25 18:21:01.476  INFO 1456 --- [lava-daemon-pool-info-loader-2-thread-1] lavalink.server.player.AudioLoader       : Loaded playlist Search results for: ngu 1 minh
2022-12-25 18:21:01.502  INFO 1456 --- [XNIO-1 I/O-5] lavalink.server.io.SocketServer          : {"guildId":"872141661038313503","noReplace":false,"op":"play","startTime":0,"track":"QAAAswIAT2hpZXV0aHVoYWkgLSBuZ+G7pyBt4buZdCBtw6xuaCAodMOsbmggcuG6pXQgdMOsbmgpIGZ0LiBuZWdhdiAocHJvZC4gYnkga2V3dGlpZSkACkhJRVVUSFVIQUkAAAAAAAMksAALMU9KUWR4VDZXSEUAAQAraHR0cHM6Ly93d3cueW91dHViZS5jb20vd2F0Y2g/dj0xT0pRZHhUNldIRQAHeW91dHViZQAAAAAAAAAA"}
2022-12-25 18:21:02.166  INFO 1456 --- [XNIO-1 I/O-5] lavalink.server.io.SocketServer          : {"guildId":"872141661038313503","op":"pause","pause":false}
2022-12-25 18:21:17.162  INFO 1456 --- [XNIO-1 task-1] l.server.player.AudioLoaderRestHandler   : Got request to load for identifier "ytsearch:ngu 1 minh"
2022-12-25 18:21:17.618  INFO 1456 --- [lava-daemon-pool-info-loader-2-thread-1] lavalink.server.player.AudioLoader       : Loaded playlist Search results for: ngu 1 minh
2022-12-25 18:21:30.650  INFO 1456 --- [XNIO-1 I/O-5] lavalink.server.io.SocketServer          : {"guildId":"872141661038313503","op":"destroy"}
2022-12-25 18:21:30.816  INFO 1456 --- [XNIO-1 I/O-5] lavalink.server.io.SocketServer          : {"guildId":"872141661038313503","noReplace":false,"op":"play","startTime":0,"track":"QAAAswIAT2hpZXV0aHVoYWkgLSBuZ+G7pyBt4buZdCBtw6xuaCAodMOsbmggcuG6pXQgdMOsbmgpIGZ0LiBuZWdhdiAocHJvZC4gYnkga2V3dGlpZSkACkhJRVVUSFVIQUkAAAAAAAMksAALMU9KUWR4VDZXSEUAAQAraHR0cHM6Ly93d3cueW91dHViZS5jb20vd2F0Y2g/dj0xT0pRZHhUNldIRQAHeW91dHViZQAAAAAAAAAA"}
2022-12-25 18:21:42.070  INFO 1456 --- [XNIO-1 I/O-5] lavalink.server.io.SocketServer          : {"guildId":"872141661038313503","op":"pause","pause":true}
2022-12-25 18:21:42.085  INFO 1456 --- [XNIO-1 I/O-5] lavalink.server.io.SocketServer          : {"event":{"endpoint":"hongkong1626.discord.media:443","guildId":"872141661038313503","token":"5a3b168aebda163e"},"guildId":"872141661038313503","op":"voiceUpdate","sessionId":"e3b6c6088bc9852856bfc5a72aa7ac03"}
2022-12-25 18:21:42.088  INFO 1456 --- [XNIO-1 task-1] l.server.player.AudioLoaderRestHandler   : Got request to load for identifier "ytsearch:ngu 1 minh"
2022-12-25 18:21:42.176  INFO 1456 --- [XNIO-1 I/O-5] lavalink.server.io.SocketServer          : {"event":{"endpoint":"hongkong1626.discord.media:443","guildId":"872141661038313503","token":"5a3b168aebda163e"},"guildId":"872141661038313503","op":"voiceUpdate","sessionId":"e3b6c6088bc9852856bfc5a72aa7ac03"}
2022-12-25 18:21:42.526  INFO 1456 --- [lava-daemon-pool-info-loader-2-thread-1] lavalink.server.player.AudioLoader       : Loaded playlist Search results for: ngu 1 minh
2022-12-25 18:21:42.532  INFO 1456 --- [XNIO-1 I/O-5] lavalink.server.io.SocketServer          : {"guildId":"872141661038313503","noReplace":false,"op":"play","startTime":0,"track":"QAAAswIAT2hpZXV0aHVoYWkgLSBuZ+G7pyBt4buZdCBtw6xuaCAodMOsbmggcuG6pXQgdMOsbmgpIGZ0LiBuZWdhdiAocHJvZC4gYnkga2V3dGlpZSkACkhJRVVUSFVIQUkAAAAAAAMksAALMU9KUWR4VDZXSEUAAQAraHR0cHM6Ly93d3cueW91dHViZS5jb20vd2F0Y2g/dj0xT0pRZHhUNldIRQAHeW91dHViZQAAAAAAAAAA"}
2022-12-25 18:21:43.185  INFO 1456 --- [XNIO-1 I/O-5] lavalink.server.io.SocketServer          : {"guildId":"872141661038313503","op":"pause","pause":false}
2022-12-25 18:22:01.870  INFO 1456 --- [XNIO-1 I/O-5] lavalink.server.io.SocketServer          : {"guildId":"872141661038313503","op":"destroy"}
2022-12-25 18:22:15.424  INFO 1456 --- [XNIO-1 I/O-5] lavalink.server.io.SocketServer          : Connection closed from /[0:0:0:0:0:0:0:1]:65052 -- CloseStatus[code=1006, reason=]
2022-12-25 18:22:15.425  INFO 1456 --- [XNIO-1 I/O-5] lavalink.server.io.SocketContext         : Shutting down 0 playing players.
2022-12-25 18:23:14.280  INFO 1456 --- [XNIO-1 task-1] l.server.io.HandshakeInterceptorImpl     : Incoming connection from /[0:0:0:0:0:0:0:1]:54933
2022-12-25 18:23:14.291  INFO 1456 --- [XNIO-1 task-1] lavalink.server.io.SocketServer          : Connection successfully established from lavalink-rs/0.9.0-rc.3
2022-12-25 18:23:42.072  INFO 1456 --- [XNIO-1 I/O-6] lavalink.server.io.SocketServer          : {"guildId":"872141661038313503","op":"pause","pause":true}
2022-12-25 18:23:42.109  INFO 1456 --- [XNIO-1 I/O-6] lavalink.server.io.SocketServer          : {"event":{"endpoint":"hongkong1626.discord.media:443","guildId":"872141661038313503","token":"a92cbff7c55bd4fc"},"guildId":"872141661038313503","op":"voiceUpdate","sessionId":"a8503702838d085c2cbbfee86552206f"}
2022-12-25 18:23:42.185  INFO 1456 --- [XNIO-1 I/O-6] lavalink.server.io.SocketServer          : {"event":{"endpoint":"hongkong1626.discord.media:443","guildId":"872141661038313503","token":"a92cbff7c55bd4fc"},"guildId":"872141661038313503","op":"voiceUpdate","sessionId":"a8503702838d085c2cbbfee86552206f"}
2022-12-25 18:23:43.188  INFO 1456 --- [XNIO-1 I/O-6] lavalink.server.io.SocketServer          : {"guildId":"872141661038313503","op":"pause","pause":false}
2022-12-25 18:23:48.045  INFO 1456 --- [XNIO-1 task-1] l.server.player.AudioLoaderRestHandler   : Got request to load for identifier "ytsearch:ngu 1 minh"
2022-12-25 18:23:48.454  INFO 1456 --- [lava-daemon-pool-info-loader-2-thread-1] lavalink.server.player.AudioLoader       : Loaded playlist Search results for: ngu 1 minh
2022-12-25 18:23:48.462  INFO 1456 --- [XNIO-1 I/O-6] lavalink.server.io.SocketServer          : {"guildId":"872141661038313503","noReplace":false,"op":"play","startTime":0,"track":"QAAArQIASWhpZXV0aHVoYWkgLSBuZ+G7pyBt4buZdCBtw6xuaCBmdC4gbmVnYXYgKHByb2QuIGJ5IGtld3RpaWUpIHwgb2ZmaWNpYWwgbXYACkhJRVVUSFVIQUkAAAAAAANfSAALU1RqemtqbkxsWjQAAQAraHR0cHM6Ly93d3cueW91dHViZS5jb20vd2F0Y2g/dj1TVGp6a2puTGxaNAAHeW91dHViZQAAAAAAAAAA"}
2022-12-25 18:25:02.961  INFO 1456 --- [XNIO-1 I/O-6] lavalink.server.io.SocketServer          : Connection closed from /[0:0:0:0:0:0:0:1]:54933 -- CloseStatus[code=1006, reason=]
2022-12-25 18:25:02.961  INFO 1456 --- [XNIO-1 I/O-6] lavalink.server.io.SocketContext         : Shutting down 0 playing players.
2022-12-25 18:25:11.595  INFO 1456 --- [XNIO-1 task-1] l.server.io.HandshakeInterceptorImpl     : Incoming connection from /[0:0:0:0:0:0:0:1]:55005
2022-12-25 18:25:11.608  INFO 1456 --- [XNIO-1 task-1] lavalink.server.io.SocketServer          : Connection successfully established from lavalink-rs/0.9.0-rc.3
2022-12-25 18:25:28.066  INFO 1456 --- [XNIO-1 I/O-1] lavalink.server.io.SocketServer          : {"guildId":"872141661038313503","op":"pause","pause":true}
2022-12-25 18:25:28.091  INFO 1456 --- [XNIO-1 I/O-1] lavalink.server.io.SocketServer          : {"event":{"endpoint":"hongkong2321.discord.media:443","guildId":"872141661038313503","token":"d74aaabf79e22706"},"guildId":"872141661038313503","op":"voiceUpdate","sessionId":"a31997eafa3ecc73578f668222731866"}
2022-12-25 18:25:28.095  INFO 1456 --- [XNIO-1 task-1] l.server.player.AudioLoaderRestHandler   : Got request to load for identifier "ytsearch:ngu 1 minh"
2022-12-25 18:25:28.170  INFO 1456 --- [XNIO-1 I/O-1] lavalink.server.io.SocketServer          : {"event":{"endpoint":"hongkong2321.discord.media:443","guildId":"872141661038313503","token":"d74aaabf79e22706"},"guildId":"872141661038313503","op":"voiceUpdate","sessionId":"a31997eafa3ecc73578f668222731866"}
2022-12-25 18:25:28.579  INFO 1456 --- [lava-daemon-pool-info-loader-2-thread-1] lavalink.server.player.AudioLoader       : Loaded playlist Search results for: ngu 1 minh
2022-12-25 18:25:28.585  INFO 1456 --- [XNIO-1 I/O-1] lavalink.server.io.SocketServer          : {"guildId":"872141661038313503","noReplace":false,"op":"play","startTime":0,"track":"QAAAswIAT2hpZXV0aHVoYWkgLSBuZ+G7pyBt4buZdCBtw6xuaCAodMOsbmggcuG6pXQgdMOsbmgpIGZ0LiBuZWdhdiAocHJvZC4gYnkga2V3dGlpZSkACkhJRVVUSFVIQUkAAAAAAAMksAALMU9KUWR4VDZXSEUAAQAraHR0cHM6Ly93d3cueW91dHViZS5jb20vd2F0Y2g/dj0xT0pRZHhUNldIRQAHeW91dHViZQAAAAAAAAAA"}
2022-12-25 18:25:29.180  INFO 1456 --- [XNIO-1 I/O-1] lavalink.server.io.SocketServer          : {"guildId":"872141661038313503","op":"pause","pause":false}
2022-12-25 18:25:39.850  INFO 1456 --- [XNIO-1 I/O-1] lavalink.server.io.SocketServer          : {"guildId":"872141661038313503","op":"destroy"}
2022-12-25 18:25:45.232  INFO 1456 --- [XNIO-1 I/O-1] lavalink.server.io.SocketServer          : {"guildId":"872141661038313503","op":"pause","pause":true}
2022-12-25 18:25:45.244  INFO 1456 --- [XNIO-1 I/O-1] lavalink.server.io.SocketServer          : {"event":{"endpoint":"hongkong2321.discord.media:443","guildId":"872141661038313503","token":"2bb6cb3c7cc00bbd"},"guildId":"872141661038313503","op":"voiceUpdate","sessionId":"a31997eafa3ecc73578f668222731866"}
2022-12-25 18:25:45.249  INFO 1456 --- [XNIO-1 task-1] l.server.player.AudioLoaderRestHandler   : Got request to load for identifier "ytsearch:ngu 1 minh"
2022-12-25 18:25:45.336  INFO 1456 --- [XNIO-1 I/O-1] lavalink.server.io.SocketServer          : {"event":{"endpoint":"hongkong2321.discord.media:443","guildId":"872141661038313503","token":"2bb6cb3c7cc00bbd"},"guildId":"872141661038313503","op":"voiceUpdate","sessionId":"a31997eafa3ecc73578f668222731866"}
2022-12-25 18:25:45.854  INFO 1456 --- [lava-daemon-pool-info-loader-2-thread-1] lavalink.server.player.AudioLoader       : Loaded playlist Search results for: ngu 1 minh
2022-12-25 18:25:45.868  INFO 1456 --- [XNIO-1 I/O-1] lavalink.server.io.SocketServer          : {"guildId":"872141661038313503","noReplace":false,"op":"play","startTime":0,"track":"QAAAswIAT2hpZXV0aHVoYWkgLSBuZ+G7pyBt4buZdCBtw6xuaCAodMOsbmggcuG6pXQgdMOsbmgpIGZ0LiBuZWdhdiAocHJvZC4gYnkga2V3dGlpZSkACkhJRVVUSFVIQUkAAAAAAAMksAALMU9KUWR4VDZXSEUAAQAraHR0cHM6Ly93d3cueW91dHViZS5jb20vd2F0Y2g/dj0xT0pRZHhUNldIRQAHeW91dHViZQAAAAAAAAAA"}
2022-12-25 18:25:46.349  INFO 1456 --- [XNIO-1 I/O-1] lavalink.server.io.SocketServer          : {"guildId":"872141661038313503","op":"pause","pause":false}
2022-12-25 18:25:57.329  INFO 1456 --- [XNIO-1 I/O-1] lavalink.server.io.SocketServer          : {"guildId":"872141661038313503","op":"destroy"}
2022-12-25 18:26:02.007  INFO 1456 --- [XNIO-1 I/O-1] lavalink.server.io.SocketServer          : {"guildId":"872141661038313503","op":"pause","pause":true}
2022-12-25 18:26:02.037  INFO 1456 --- [XNIO-1 I/O-1] lavalink.server.io.SocketServer          : {"event":{"endpoint":"hongkong8873.discord.media:443","guildId":"872141661038313503","token":"9c9ceb6740200f24"},"guildId":"872141661038313503","op":"voiceUpdate","sessionId":"a31997eafa3ecc73578f668222731866"}
2022-12-25 18:26:02.040  INFO 1456 --- [XNIO-1 task-1] l.server.player.AudioLoaderRestHandler   : Got request to load for identifier "ytsearch:ngu 1 minh"
2022-12-25 18:26:02.112  INFO 1456 --- [XNIO-1 I/O-1] lavalink.server.io.SocketServer          : {"event":{"endpoint":"hongkong8873.discord.media:443","guildId":"872141661038313503","token":"9c9ceb6740200f24"},"guildId":"872141661038313503","op":"voiceUpdate","sessionId":"a31997eafa3ecc73578f668222731866"}
2022-12-25 18:26:02.477  INFO 1456 --- [lava-daemon-pool-info-loader-2-thread-1] lavalink.server.player.AudioLoader       : Loaded playlist Search results for: ngu 1 minh
2022-12-25 18:26:02.485  INFO 1456 --- [XNIO-1 I/O-1] lavalink.server.io.SocketServer          : {"guildId":"872141661038313503","noReplace":false,"op":"play","startTime":0,"track":"QAAAswIAT2hpZXV0aHVoYWkgLSBuZ+G7pyBt4buZdCBtw6xuaCAodMOsbmggcuG6pXQgdMOsbmgpIGZ0LiBuZWdhdiAocHJvZC4gYnkga2V3dGlpZSkACkhJRVVUSFVIQUkAAAAAAAMksAALMU9KUWR4VDZXSEUAAQAraHR0cHM6Ly93d3cueW91dHViZS5jb20vd2F0Y2g/dj0xT0pRZHhUNldIRQAHeW91dHViZQAAAAAAAAAA"}
2022-12-25 18:26:03.123  INFO 1456 --- [XNIO-1 I/O-1] lavalink.server.io.SocketServer          : {"guildId":"872141661038313503","op":"pause","pause":false}
2022-12-25 18:26:12.558  INFO 1456 --- [XNIO-1 I/O-1] lavalink.server.io.SocketServer          : {"guildId":"872141661038313503","op":"destroy"}
2022-12-25 18:26:20.118  INFO 1456 --- [XNIO-1 I/O-1] lavalink.server.io.SocketServer          : {"guildId":"872141661038313503","op":"pause","pause":true}
2022-12-25 18:26:20.165  INFO 1456 --- [XNIO-1 I/O-1] lavalink.server.io.SocketServer          : {"event":{"endpoint":"hongkong370.discord.media:443","guildId":"872141661038313503","token":"02ff3ea1566c7bd4"},"guildId":"872141661038313503","op":"voiceUpdate","sessionId":"a31997eafa3ecc73578f668222731866"}
2022-12-25 18:26:20.169  INFO 1456 --- [XNIO-1 task-1] l.server.player.AudioLoaderRestHandler   : Got request to load for identifier "ytsearch:ngu 1 minh"
2022-12-25 18:26:20.225  INFO 1456 --- [XNIO-1 I/O-1] lavalink.server.io.SocketServer          : {"event":{"endpoint":"hongkong370.discord.media:443","guildId":"872141661038313503","token":"02ff3ea1566c7bd4"},"guildId":"872141661038313503","op":"voiceUpdate","sessionId":"a31997eafa3ecc73578f668222731866"}
2022-12-25 18:26:20.557  INFO 1456 --- [lava-daemon-pool-info-loader-2-thread-1] lavalink.server.player.AudioLoader       : Loaded playlist Search results for: ngu 1 minh
2022-12-25 18:26:20.564  INFO 1456 --- [XNIO-1 I/O-1] lavalink.server.io.SocketServer          : {"guildId":"872141661038313503","noReplace":false,"op":"play","startTime":0,"track":"QAAAswIAT2hpZXV0aHVoYWkgLSBuZ+G7pyBt4buZdCBtw6xuaCAodMOsbmggcuG6pXQgdMOsbmgpIGZ0LiBuZWdhdiAocHJvZC4gYnkga2V3dGlpZSkACkhJRVVUSFVIQUkAAAAAAAMksAALMU9KUWR4VDZXSEUAAQAraHR0cHM6Ly93d3cueW91dHViZS5jb20vd2F0Y2g/dj0xT0pRZHhUNldIRQAHeW91dHViZQAAAAAAAAAA"}
2022-12-25 18:26:21.238  INFO 1456 --- [XNIO-1 I/O-1] lavalink.server.io.SocketServer          : {"guildId":"872141661038313503","op":"pause","pause":false}
